<?xml version="1.0" encoding="UTF-8"?>
<testsuite xmlns:xsi="http://www.w3.org/2001/XMLSchema-instance" xsi:noNamespaceSchemaLocation="https://maven.apache.org/surefire/maven-surefire-plugin/xsd/surefire-test-report.xsd" version="3.0.2" name="com.laborlaw.ragkbdemo.controller.HealthControllerTest" time="0.3" tests="1" errors="0" skipped="0" failures="0">
  <properties>
[...]
</properties>
  <testcase name="healthReturnsOk" classname="com.laborlaw.ragkbdemo.controller.HealthControllerTest" time="0.008">
    <system-out><![CDATA[2026-07-18T21:47:09.670+08:00  INFO 16868 --- [rag-kb-demo] [           main] t.c.s.AnnotationConfigContextLoaderUtils : Could not detect default configuration classes for test class [com.laborlaw.ragkbdemo.controller.HealthControllerTest]: HealthControllerTest does not declare any static, non-private, non-final, nested classes annotated with @Configuration.
2026-07-18T21:47:09.691+08:00  INFO 16868 --- [rag-kb-demo] [           main] .b.t.c.SpringBootTestContextBootstrapper : Found @SpringBootConfiguration com.laborlaw.ragkbdemo.RagKbDemoApplication for test class com.laborlaw.ragkbdemo.controller.HealthControllerTest

  .   ____          _            __ _ _
 /\\ / ___'_ __ _ _(_)_ __  __ _ \ \ \ \
( ( )\___ | '_ | '_| | '_ \/ _` | \ \ \ \
 \\/  ___)| |_)| | | | | || (_| |  ) ) ) )
  '  |____| .__|_| |_|_| |_\__, | / / / /
 =========|_|==============|___/=/_/_/_/

 :: Spring Boot ::                (v3.5.3)

2026-07-18T21:47:09.724+08:00  INFO 16868 --- [rag-kb-demo] [           main] c.l.r.controller.HealthControllerTest    : Starting HealthControllerTest using Java 17.0.8 with PID 16868 (started by 火狐 in G:\AI-law-creater\backend)
2026-07-18T21:47:09.724+08:00  INFO 16868 --- [rag-kb-demo] [           main] c.l.r.controller.HealthControllerTest    : No active profile set, falling back to 1 default profile: "default"
2026-07-18T21:47:09.854+08:00  WARN 16868 --- [rag-kb-demo] [           main] o.m.s.mapper.ClassPathMapperScanner      : No MyBatis mapper was found in '[com.laborlaw.ragkbdemo.mapper]' package. Please check your configuration.
2026-07-18T21:47:09.949+08:00  INFO 16868 --- [rag-kb-demo] [           main] o.s.b.t.m.w.SpringBootMockServletContext : Initializing Spring TestDispatcherServlet ''
2026-07-18T21:47:09.949+08:00  INFO 16868 --- [rag-kb-demo] [           main] o.s.t.web.servlet.TestDispatcherServlet  : Initializing Servlet ''
2026-07-18T21:47:09.950+08:00  INFO 16868 --- [rag-kb-demo] [           main] o.s.t.web.servlet.TestDispatcherServlet  : Completed initialization in 1 ms
2026-07-18T21:47:09.960+08:00  INFO 16868 --- [rag-kb-demo] [           main] c.l.r.controller.HealthControllerTest    : Started HealthControllerTest in 0.267 seconds (process running for 3.241)
]]></system-out>
  </testcase>
</testsuite>