<?xml version="1.0" encoding="UTF-8"?>
<testsuite xmlns:xsi="http://www.w3.org/2001/XMLSchema-instance" xsi:noNamespaceSchemaLocation="https://maven.apache.org/surefire/maven-surefire-plugin/xsd/surefire-test-report.xsd" version="3.0.2" name="com.laborlaw.ragkbdemo.controller.KnowledgeDocumentControllerTest" time="0.674" tests="22" errors="0" skipped="0" failures="0">
  <properties>
[...]
</properties>
  <testcase name="createDocumentReturnsValidationErrorWhenTitleMissing" classname="com.laborlaw.ragkbdemo.controller.KnowledgeDocumentControllerTest" time="0.145">
    <system-out><![CDATA[2026-07-21T15:34:58.153+08:00  INFO 11152 --- [legal-contract-assistant] [           main] t.c.s.AnnotationConfigContextLoaderUtils : Could not detect default configuration classes for test class [com.laborlaw.ragkbdemo.controller.KnowledgeDocumentControllerTest]: KnowledgeDocumentControllerTest does not declare any static, non-private, non-final, nested classes annotated with @Configuration.
2026-07-21T15:34:58.167+08:00  INFO 11152 --- [legal-contract-assistant] [           main] .b.t.c.SpringBootTestContextBootstrapper : Found @SpringBootConfiguration com.laborlaw.ragkbdemo.RagKbDemoApplication for test class com.laborlaw.ragkbdemo.controller.KnowledgeDocumentControllerTest

  .   ____          _            __ _ _
 /\\ / ___'_ __ _ _(_)_ __  __ _ \ \ \ \
( ( )\___ | '_ | '_| | '_ \/ _` | \ \ \ \
 \\/  ___)| |_)| | | | | || (_| |  ) ) ) )
  '  |____| .__|_| |_|_| |_\__, | / / / /
 =========|_|==============|___/=/_/_/_/

 :: Spring Boot ::                (v3.5.3)

2026-07-21T15:34:58.202+08:00  INFO 11152 --- [legal-contract-assistant] [           main] c.l.r.c.KnowledgeDocumentControllerTest  : Starting KnowledgeDocumentControllerTest using Java 17.0.8 with PID 11152 (started by 火狐 in G:\LaborLawAI\backend)
2026-07-21T15:34:58.203+08:00  INFO 11152 --- [legal-contract-assistant] [           main] c.l.r.c.KnowledgeDocumentControllerTest  : No active profile set, falling back to 1 default profile: "default"
2026-07-21T15:34:58.460+08:00  INFO 11152 --- [legal-contract-assistant] [           main] o.s.b.t.m.w.SpringBootMockServletContext : Initializing Spring TestDispatcherServlet ''
2026-07-21T15:34:58.460+08:00  INFO 11152 --- [legal-contract-assistant] [           main] o.s.t.web.servlet.TestDispatcherServlet  : Initializing Servlet ''
2026-07-21T15:34:58.461+08:00  INFO 11152 --- [legal-contract-assistant] [           main] o.s.t.web.servlet.TestDispatcherServlet  : Completed initialization in 1 ms
2026-07-21T15:34:58.468+08:00  INFO 11152 --- [legal-contract-assistant] [           main] c.l.r.c.KnowledgeDocumentControllerTest  : Started KnowledgeDocumentControllerTest in 0.293 seconds (process running for 4.05)
2026-07-21T15:34:58.613+08:00  INFO 11152 --- [legal-contract-assistant] [           main] c.l.r.config.AdminAuditInterceptor       : Admin audit method=POST path=/api/admin/knowledge/documents status=400 remote=127.0.0.1 actor=editor roles=[KNOWLEDGE_WRITE, KNOWLEDGE_READ] outcome=error
]]></system-out>
  </testcase>
  <testcase name="rejectsMissingAdminToken" classname="com.laborlaw.ragkbdemo.controller.KnowledgeDocumentControllerTest" time="0.007">
    <system-out><![CDATA[2026-07-21T15:34:58.622+08:00  INFO 11152 --- [legal-contract-assistant] [           main] c.l.r.config.AdminAuditInterceptor       : Admin audit method=GET path=/api/admin/knowledge/documents status=401 remote=127.0.0.1 actor=anonymous roles=[] outcome=error
]]></system-out>
  </testcase>
  <testcase name="getDocumentReturnsDetail" classname="com.laborlaw.ragkbdemo.controller.KnowledgeDocumentControllerTest" time="0.017">
    <system-out><![CDATA[2026-07-21T15:34:58.640+08:00  INFO 11152 --- [legal-contract-assistant] [           main] c.l.r.config.AdminAuditInterceptor       : Admin audit method=GET path=/api/admin/knowledge/documents/1 status=200 remote=127.0.0.1 actor=editor roles=[KNOWLEDGE_WRITE, KNOWLEDGE_READ] outcome=success
]]></system-out>
  </testcase>
  <testcase name="pageDocumentsReturnsPageData" classname="com.laborlaw.ragkbdemo.controller.KnowledgeDocumentControllerTest" time="0.018">
    <system-out><![CDATA[2026-07-21T15:34:58.659+08:00  INFO 11152 --- [legal-contract-assistant] [           main] c.l.r.config.AdminAuditInterceptor       : Admin audit method=GET path=/api/admin/knowledge/documents status=200 remote=127.0.0.1 actor=editor roles=[KNOWLEDGE_WRITE, KNOWLEDGE_READ] outcome=success
]]></system-out>
  </testcase>
  <testcase name="patchStatusReturnsUpdatedDocument" classname="com.laborlaw.ragkbdemo.controller.KnowledgeDocumentControllerTest" time="0.012">
    <system-out><![CDATA[2026-07-21T15:34:58.674+08:00  INFO 11152 --- [legal-contract-assistant] [           main] c.l.r.c.KnowledgeDocumentController      : Admin update knowledge document status: id=1, status=PUBLISHED
2026-07-21T15:34:58.675+08:00  INFO 11152 --- [legal-contract-assistant] [           main] c.l.r.config.AdminAuditInterceptor       : Admin audit method=PATCH path=/api/admin/knowledge/documents/1/status status=200 remote=127.0.0.1 actor=editor roles=[KNOWLEDGE_WRITE, KNOWLEDGE_READ] outcome=success
]]></system-out>
  </testcase>
  <testcase name="rejectsInvalidAdminToken" classname="com.laborlaw.ragkbdemo.controller.KnowledgeDocumentControllerTest" time="0.006">
    <system-out><![CDATA[2026-07-21T15:34:58.681+08:00  INFO 11152 --- [legal-contract-assistant] [           main] c.l.r.config.AdminAuditInterceptor       : Admin audit method=GET path=/api/admin/knowledge/documents status=401 remote=127.0.0.1 actor=anonymous roles=[] outcome=error
]]></system-out>
  </testcase>
  <testcase name="rejectsWriteOperationForReadOnlyRole" classname="com.laborlaw.ragkbdemo.controller.KnowledgeDocumentControllerTest" time="0.006">
    <system-out><![CDATA[2026-07-21T15:34:58.688+08:00  INFO 11152 --- [legal-contract-assistant] [           main] c.l.r.config.AdminAuditInterceptor       : Admin audit method=POST path=/api/admin/knowledge/documents status=403 remote=127.0.0.1 actor=reader roles=[KNOWLEDGE_READ] outcome=error
]]></system-out>
  </testcase>
  <testcase name="patchStatusReturnsNotFoundWhenMissing" classname="com.laborlaw.ragkbdemo.controller.KnowledgeDocumentControllerTest" time="0.007">
    <system-out><![CDATA[2026-07-21T15:34:58.698+08:00  INFO 11152 --- [legal-contract-assistant] [           main] c.l.r.c.KnowledgeDocumentController      : Admin update knowledge document status: id=99, status=PUBLISHED
2026-07-21T15:34:58.699+08:00  INFO 11152 --- [legal-contract-assistant] [           main] c.l.r.config.AdminAuditInterceptor       : Admin audit method=PATCH path=/api/admin/knowledge/documents/99/status status=200 remote=127.0.0.1 actor=editor roles=[KNOWLEDGE_WRITE, KNOWLEDGE_READ] outcome=success
]]></system-out>
  </testcase>
  <testcase name="getDocumentReturnsNotFoundWhenMissing" classname="com.laborlaw.ragkbdemo.controller.KnowledgeDocumentControllerTest" time="0.006">
    <system-out><![CDATA[2026-07-21T15:34:58.705+08:00  INFO 11152 --- [legal-contract-assistant] [           main] c.l.r.config.AdminAuditInterceptor       : Admin audit method=GET path=/api/admin/knowledge/documents/99 status=200 remote=127.0.0.1 actor=editor roles=[KNOWLEDGE_WRITE, KNOWLEDGE_READ] outcome=success
]]></system-out>
  </testcase>
  <testcase name="deleteDocumentReturnsTrue" classname="com.laborlaw.ragkbdemo.controller.KnowledgeDocumentControllerTest" time="0.008">
    <system-out><![CDATA[2026-07-21T15:34:58.711+08:00  INFO 11152 --- [legal-contract-assistant] [           main] c.l.r.c.KnowledgeDocumentController      : Admin delete knowledge document: id=1
2026-07-21T15:34:58.712+08:00  INFO 11152 --- [legal-contract-assistant] [           main] c.l.r.config.AdminAuditInterceptor       : Admin audit method=DELETE path=/api/admin/knowledge/documents/1 status=200 remote=127.0.0.1 actor=editor roles=[KNOWLEDGE_WRITE, KNOWLEDGE_READ] outcome=success
]]></system-out>
  </testcase>
  <testcase name="deleteDocumentReturnsNotFoundWhenMissing" classname="com.laborlaw.ragkbdemo.controller.KnowledgeDocumentControllerTest" time="0.004">
    <system-out><![CDATA[2026-07-21T15:34:58.719+08:00  INFO 11152 --- [legal-contract-assistant] [           main] c.l.r.c.KnowledgeDocumentController      : Admin delete knowledge document: id=99
2026-07-21T15:34:58.719+08:00  INFO 11152 --- [legal-contract-assistant] [           main] c.l.r.config.AdminAuditInterceptor       : Admin audit method=DELETE path=/api/admin/knowledge/documents/99 status=200 remote=127.0.0.1 actor=editor roles=[KNOWLEDGE_WRITE, KNOWLEDGE_READ] outcome=success
]]></system-out>
  </testcase>
  <testcase name="updateDocumentReturnsUpdatedDocument" classname="com.laborlaw.ragkbdemo.controller.KnowledgeDocumentControllerTest" time="0.013">
    <system-out><![CDATA[2026-07-21T15:34:58.731+08:00  INFO 11152 --- [legal-contract-assistant] [           main] c.l.r.c.KnowledgeDocumentController      : Admin update knowledge document: id=1, title=中华人民共和国劳动合同法, documentType=LAW, status=null
2026-07-21T15:34:58.733+08:00  INFO 11152 --- [legal-contract-assistant] [           main] c.l.r.config.AdminAuditInterceptor       : Admin audit method=PUT path=/api/admin/knowledge/documents/1 status=200 remote=127.0.0.1 actor=editor roles=[KNOWLEDGE_WRITE, KNOWLEDGE_READ] outcome=success
]]></system-out>
  </testcase>
  <testcase name="updateDocumentReturnsNotFoundWhenMissing" classname="com.laborlaw.ragkbdemo.controller.KnowledgeDocumentControllerTest" time="0.007">
    <system-out><![CDATA[2026-07-21T15:34:58.740+08:00  INFO 11152 --- [legal-contract-assistant] [           main] c.l.r.c.KnowledgeDocumentController      : Admin update knowledge document: id=99, title=不存在的文档, documentType=LAW, status=null
2026-07-21T15:34:58.742+08:00  INFO 11152 --- [legal-contract-assistant] [           main] c.l.r.config.AdminAuditInterceptor       : Admin audit method=PUT path=/api/admin/knowledge/documents/99 status=200 remote=127.0.0.1 actor=editor roles=[KNOWLEDGE_WRITE, KNOWLEDGE_READ] outcome=success
]]></system-out>
  </testcase>
  <testcase name="patchStatusReturnsValidationErrorWhenStatusMissing" classname="com.laborlaw.ragkbdemo.controller.KnowledgeDocumentControllerTest" time="0.007">
    <system-out><![CDATA[2026-07-21T15:34:58.749+08:00  INFO 11152 --- [legal-contract-assistant] [           main] c.l.r.config.AdminAuditInterceptor       : Admin audit method=PATCH path=/api/admin/knowledge/documents/1/status status=400 remote=127.0.0.1 actor=editor roles=[KNOWLEDGE_WRITE, KNOWLEDGE_READ] outcome=error
]]></system-out>
  </testcase>
  <testcase name="headDocumentReturnsOkWhenExists" classname="com.laborlaw.ragkbdemo.controller.KnowledgeDocumentControllerTest" time="0.007">
    <system-out><![CDATA[2026-07-21T15:34:58.758+08:00  INFO 11152 --- [legal-contract-assistant] [           main] c.l.r.config.AdminAuditInterceptor       : Admin audit method=HEAD path=/api/admin/knowledge/documents/1 status=200 remote=127.0.0.1 actor=editor roles=[KNOWLEDGE_WRITE, KNOWLEDGE_READ] outcome=success
]]></system-out>
  </testcase>
  <testcase name="headDocumentReturnsNotFoundWhenMissing" classname="com.laborlaw.ragkbdemo.controller.KnowledgeDocumentControllerTest" time="0.004">
    <system-out><![CDATA[2026-07-21T15:34:58.765+08:00  INFO 11152 --- [legal-contract-assistant] [           main] c.l.r.config.AdminAuditInterceptor       : Admin audit method=HEAD path=/api/admin/knowledge/documents/99 status=404 remote=127.0.0.1 actor=editor roles=[KNOWLEDGE_WRITE, KNOWLEDGE_READ] outcome=error
]]></system-out>
  </testcase>
  <testcase name="updateDocumentReturnsValidationErrorWhenTitleMissing" classname="com.laborlaw.ragkbdemo.controller.KnowledgeDocumentControllerTest" time="0.007">
    <system-out><![CDATA[2026-07-21T15:34:58.772+08:00  INFO 11152 --- [legal-contract-assistant] [           main] c.l.r.config.AdminAuditInterceptor       : Admin audit method=PUT path=/api/admin/knowledge/documents/1 status=400 remote=127.0.0.1 actor=editor roles=[KNOWLEDGE_WRITE, KNOWLEDGE_READ] outcome=error
]]></system-out>
  </testcase>
  <testcase name="createDocumentReturnsUnifiedErrorForMalformedJson" classname="com.laborlaw.ragkbdemo.controller.KnowledgeDocumentControllerTest" time="0.006">
    <system-out><![CDATA[2026-07-21T15:34:58.782+08:00  INFO 11152 --- [legal-contract-assistant] [           main] c.l.r.config.AdminAuditInterceptor       : Admin audit method=POST path=/api/admin/knowledge/documents status=400 remote=127.0.0.1 actor=editor roles=[KNOWLEDGE_WRITE, KNOWLEDGE_READ] outcome=error
]]></system-out>
  </testcase>
  <testcase name="getDocumentHidesUnexpectedBackendErrors" classname="com.laborlaw.ragkbdemo.controller.KnowledgeDocumentControllerTest" time="0.012">
    <system-out><![CDATA[2026-07-21T15:34:58.787+08:00 ERROR 11152 --- [legal-contract-assistant] [           main] c.l.r.controller.GlobalExceptionHandler  : Unhandled request failure

java.lang.IllegalStateException: database password leaked
	at com.laborlaw.ragkbdemo.controller.KnowledgeDocumentController.getById(KnowledgeDocumentController.java:96) ~[classes/:na]
	at java.base/jdk.internal.reflect.NativeMethodAccessorImpl.invoke0(Native Method) ~[na:na]
	at java.base/jdk.internal.reflect.NativeMethodAccessorImpl.invoke(NativeMethodAccessorImpl.java:77) ~[na:na]
	at java.base/jdk.internal.reflect.DelegatingMethodAccessorImpl.invoke(DelegatingMethodAccessorImpl.java:43) ~[na:na]
	at java.base/java.lang.reflect.Method.invoke(Method.java:568) ~[na:na]
	at org.springframework.web.method.support.InvocableHandlerMethod.doInvoke(InvocableHandlerMethod.java:258) ~[spring-web-6.2.8.jar:6.2.8]
	at org.springframework.web.method.support.InvocableHandlerMethod.invokeForRequest(InvocableHandlerMethod.java:191) ~[spring-web-6.2.8.jar:6.2.8]
	at org.springframework.web.servlet.mvc.method.annotation.ServletInvocableHandlerMethod.invokeAndHandle(ServletInvocableHandlerMethod.java:118) ~[spring-webmvc-6.2.8.jar:6.2.8]
	at org.springframework.web.servlet.mvc.method.annotation.RequestMappingHandlerAdapter.invokeHandlerMethod(RequestMappingHandlerAdapter.java:986) ~[spring-webmvc-6.2.8.jar:6.2.8]
	at org.springframework.web.servlet.mvc.method.annotation.RequestMappingHandlerAdapter.handleInternal(RequestMappingHandlerAdapter.java:891) ~[spring-webmvc-6.2.8.jar:6.2.8]
	at org.springframework.web.servlet.mvc.method.AbstractHandlerMethodAdapter.handle(AbstractHandlerMethodAdapter.java:87) ~[spring-webmvc-6.2.8.jar:6.2.8]
	at org.springframework.web.servlet.DispatcherServlet.doDispatch(DispatcherServlet.java:1089) ~[spring-webmvc-6.2.8.jar:6.2.8]
	at org.springframework.web.servlet.DispatcherServlet.doService(DispatcherServlet.java:979) ~[spring-webmvc-6.2.8.jar:6.2.8]
	at org.springframework.web.servlet.FrameworkServlet.processRequest(FrameworkServlet.java:1014) ~[spring-webmvc-6.2.8.jar:6.2.8]
	at org.springframework.web.servlet.FrameworkServlet.doGet(FrameworkServlet.java:903) ~[spring-webmvc-6.2.8.jar:6.2.8]
	at jakarta.servlet.http.HttpServlet.service(HttpServlet.java:564) ~[tomcat-embed-core-10.1.42.jar:6.0]
	at org.springframework.web.servlet.FrameworkServlet.service(FrameworkServlet.java:885) ~[spring-webmvc-6.2.8.jar:6.2.8]
	at org.springframework.test.web.servlet.TestDispatcherServlet.service(TestDispatcherServlet.java:72) ~[spring-test-6.2.8.jar:6.2.8]
	at jakarta.servlet.http.HttpServlet.service(HttpServlet.java:658) ~[tomcat-embed-core-10.1.42.jar:6.0]
	at org.springframework.mock.web.MockFilterChain$ServletFilterProxy.doFilter(MockFilterChain.java:165) ~[spring-test-6.2.8.jar:6.2.8]
	at org.springframework.mock.web.MockFilterChain.doFilter(MockFilterChain.java:132) ~[spring-test-6.2.8.jar:6.2.8]
	at org.springframework.web.filter.RequestContextFilter.doFilterInternal(RequestContextFilter.java:100) ~[spring-web-6.2.8.jar:6.2.8]
	at org.springframework.web.filter.OncePerRequestFilter.doFilter(OncePerRequestFilter.java:116) ~[spring-web-6.2.8.jar:6.2.8]
	at org.springframework.test.web.servlet.setup.MockMvcFilterDecorator.doFilter(MockMvcFilterDecorator.java:162) ~[spring-test-6.2.8.jar:6.2.8]
	at org.springframework.mock.web.MockFilterChain.doFilter(MockFilterChain.java:132) ~[spring-test-6.2.8.jar:6.2.8]
	at org.springframework.web.filter.FormContentFilter.doFilterInternal(FormContentFilter.java:93) ~[spring-web-6.2.8.jar:6.2.8]
	at org.springframework.web.filter.OncePerRequestFilter.doFilter(OncePerRequestFilter.java:116) ~[spring-web-6.2.8.jar:6.2.8]
	at org.springframework.test.web.servlet.setup.MockMvcFilterDecorator.doFilter(MockMvcFilterDecorator.java:162) ~[spring-test-6.2.8.jar:6.2.8]
	at org.springframework.mock.web.MockFilterChain.doFilter(MockFilterChain.java:132) ~[spring-test-6.2.8.jar:6.2.8]
	at org.springframework.web.filter.CharacterEncodingFilter.doFilterInternal(CharacterEncodingFilter.java:201) ~[spring-web-6.2.8.jar:6.2.8]
	at org.springframework.web.filter.OncePerRequestFilter.doFilter(OncePerRequestFilter.java:116) ~[spring-web-6.2.8.jar:6.2.8]
	at org.springframework.test.web.servlet.setup.MockMvcFilterDecorator.doFilter(MockMvcFilterDecorator.java:162) ~[spring-test-6.2.8.jar:6.2.8]
	at org.springframework.mock.web.MockFilterChain.doFilter(MockFilterChain.java:132) ~[spring-test-6.2.8.jar:6.2.8]
	at org.springframework.test.web.servlet.MockMvc.perform(MockMvc.java:201) ~[spring-test-6.2.8.jar:6.2.8]
	at com.laborlaw.ragkbdemo.controller.KnowledgeDocumentControllerTest.getDocumentHidesUnexpectedBackendErrors(KnowledgeDocumentControllerTest.java:106) ~[test-classes/:na]
	at java.base/jdk.internal.reflect.NativeMethodAccessorImpl.invoke0(Native Method) ~[na:na]
	at java.base/jdk.internal.reflect.NativeMethodAccessorImpl.invoke(NativeMethodAccessorImpl.java:77) ~[na:na]
	at java.base/jdk.internal.reflect.DelegatingMethodAccessorImpl.invoke(DelegatingMethodAccessorImpl.java:43) ~[na:na]
	at java.base/java.lang.reflect.Method.invoke(Method.java:568) ~[na:na]
	at org.junit.platform.commons.util.ReflectionUtils.invokeMethod(ReflectionUtils.java:775) ~[junit-platform-commons-1.12.2.jar:1.12.2]
	at org.junit.platform.commons.support.ReflectionSupport.invokeMethod(ReflectionSupport.java:479) ~[junit-platform-commons-1.12.2.jar:1.12.2]
	at org.junit.jupiter.engine.execution.MethodInvocation.proceed(MethodInvocation.java:60) ~[junit-jupiter-engine-5.12.2.jar:5.12.2]
	at org.junit.jupiter.engine.execution.InvocationInterceptorChain$ValidatingInvocation.proceed(InvocationInterceptorChain.java:131) ~[junit-jupiter-engine-5.12.2.jar:5.12.2]
	at org.junit.jupiter.engine.extension.TimeoutExtension.intercept(TimeoutExtension.java:161) ~[junit-jupiter-engine-5.12.2.jar:5.12.2]
	at org.junit.jupiter.engine.extension.TimeoutExtension.interceptTestableMethod(TimeoutExtension.java:152) ~[junit-jupiter-engine-5.12.2.jar:5.12.2]
	at org.junit.jupiter.engine.extension.TimeoutExtension.interceptTestMethod(TimeoutExtension.java:91) ~[junit-jupiter-engine-5.12.2.jar:5.12.2]
	at org.junit.jupiter.engine.execution.InterceptingExecutableInvoker$ReflectiveInterceptorCall.lambda$ofVoidMethod$0(InterceptingExecutableInvoker.java:112) ~[junit-jupiter-engine-5.12.2.jar:5.12.2]
	at org.junit.jupiter.engine.execution.InterceptingExecutableInvoker.lambda$invoke$0(InterceptingExecutableInvoker.java:94) ~[junit-jupiter-engine-5.12.2.jar:5.12.2]
	at org.junit.jupiter.engine.execution.InvocationInterceptorChain$InterceptedInvocation.proceed(InvocationInterceptorChain.java:106) ~[junit-jupiter-engine-5.12.2.jar:5.12.2]
	at org.junit.jupiter.engine.execution.InvocationInterceptorChain.proceed(InvocationInterceptorChain.java:64) ~[junit-jupiter-engine-5.12.2.jar:5.12.2]
	at org.junit.jupiter.engine.execution.InvocationInterceptorChain.chainAndInvoke(InvocationInterceptorChain.java:45) ~[junit-jupiter-engine-5.12.2.jar:5.12.2]
	at org.junit.jupiter.engine.execution.InvocationInterceptorChain.invoke(InvocationInterceptorChain.java:37) ~[junit-jupiter-engine-5.12.2.jar:5.12.2]
	at org.junit.jupiter.engine.execution.InterceptingExecutableInvoker.invoke(InterceptingExecutableInvoker.java:93) ~[junit-jupiter-engine-5.12.2.jar:5.12.2]
	at org.junit.jupiter.engine.execution.InterceptingExecutableInvoker.invoke(InterceptingExecutableInvoker.java:87) ~[junit-jupiter-engine-5.12.2.jar:5.12.2]
	at org.junit.jupiter.engine.descriptor.TestMethodTestDescriptor.lambda$invokeTestMethod$7(TestMethodTestDescriptor.java:216) ~[junit-jupiter-engine-5.12.2.jar:5.12.2]
	at org.junit.platform.engine.support.hierarchical.ThrowableCollector.execute(ThrowableCollector.java:73) ~[junit-platform-engine-1.12.2.jar:1.12.2]
	at org.junit.jupiter.engine.descriptor.TestMethodTestDescriptor.invokeTestMethod(TestMethodTestDescriptor.java:212) ~[junit-jupiter-engine-5.12.2.jar:5.12.2]
	at org.junit.jupiter.engine.descriptor.TestMethodTestDescriptor.execute(TestMethodTestDescriptor.java:137) ~[junit-jupiter-engine-5.12.2.jar:5.12.2]
	at org.junit.jupiter.engine.descriptor.TestMethodTestDescriptor.execute(TestMethodTestDescriptor.java:69) ~[junit-jupiter-engine-5.12.2.jar:5.12.2]
	at org.junit.platform.engine.support.hierarchical.NodeTestTask.lambda$executeRecursively$6(NodeTestTask.java:156) ~[junit-platform-engine-1.12.2.jar:1.12.2]
	at org.junit.platform.engine.support.hierarchical.ThrowableCollector.execute(ThrowableCollector.java:73) ~[junit-platform-engine-1.12.2.jar:1.12.2]
	at org.junit.platform.engine.support.hierarchical.NodeTestTask.lambda$executeRecursively$8(NodeTestTask.java:146) ~[junit-platform-engine-1.12.2.jar:1.12.2]
	at org.junit.platform.engine.support.hierarchical.Node.around(Node.java:137) ~[junit-platform-engine-1.12.2.jar:1.12.2]
	at org.junit.platform.engine.support.hierarchical.NodeTestTask.lambda$executeRecursively$9(NodeTestTask.java:144) ~[junit-platform-engine-1.12.2.jar:1.12.2]
	at org.junit.platform.engine.support.hierarchical.ThrowableCollector.execute(ThrowableCollector.java:73) ~[junit-platform-engine-1.12.2.jar:1.12.2]
	at org.junit.platform.engine.support.hierarchical.NodeTestTask.executeRecursively(NodeTestTask.java:143) ~[junit-platform-engine-1.12.2.jar:1.12.2]
	at org.junit.platform.engine.support.hierarchical.NodeTestTask.execute(NodeTestTask.java:100) ~[junit-platform-engine-1.12.2.jar:1.12.2]
	at java.base/java.util.ArrayList.forEach(ArrayList.java:1511) ~[na:na]
	at org.junit.platform.engine.support.hierarchical.SameThreadHierarchicalTestExecutorService.invokeAll(SameThreadHierarchicalTestExecutorService.java:41) ~[junit-platform-engine-1.12.2.jar:1.12.2]
	at org.junit.platform.engine.support.hierarchical.NodeTestTask.lambda$executeRecursively$6(NodeTestTask.java:160) ~[junit-platform-engine-1.12.2.jar:1.12.2]
	at org.junit.platform.engine.support.hierarchical.ThrowableCollector.execute(ThrowableCollector.java:73) ~[junit-platform-engine-1.12.2.jar:1.12.2]
	at org.junit.platform.engine.support.hierarchical.NodeTestTask.lambda$executeRecursively$8(NodeTestTask.java:146) ~[junit-platform-engine-1.12.2.jar:1.12.2]
	at org.junit.platform.engine.support.hierarchical.Node.around(Node.java:137) ~[junit-platform-engine-1.12.2.jar:1.12.2]
	at org.junit.platform.engine.support.hierarchical.NodeTestTask.lambda$executeRecursively$9(NodeTestTask.java:144) ~[junit-platform-engine-1.12.2.jar:1.12.2]
	at org.junit.platform.engine.support.hierarchical.ThrowableCollector.execute(ThrowableCollector.java:73) ~[junit-platform-engine-1.12.2.jar:1.12.2]
	at org.junit.platform.engine.support.hierarchical.NodeTestTask.executeRecursively(NodeTestTask.java:143) ~[junit-platform-engine-1.12.2.jar:1.12.2]
	at org.junit.platform.engine.support.hierarchical.NodeTestTask.execute(NodeTestTask.java:100) ~[junit-platform-engine-1.12.2.jar:1.12.2]
	at java.base/java.util.ArrayList.forEach(ArrayList.java:1511) ~[na:na]
	at org.junit.platform.engine.support.hierarchical.SameThreadHierarchicalTestExecutorService.invokeAll(SameThreadHierarchicalTestExecutorService.java:41) ~[junit-platform-engine-1.12.2.jar:1.12.2]
	at org.junit.platform.engine.support.hierarchical.NodeTestTask.lambda$executeRecursively$6(NodeTestTask.java:160) ~[junit-platform-engine-1.12.2.jar:1.12.2]
	at org.junit.platform.engine.support.hierarchical.ThrowableCollector.execute(ThrowableCollector.java:73) ~[junit-platform-engine-1.12.2.jar:1.12.2]
	at org.junit.platform.engine.support.hierarchical.NodeTestTask.lambda$executeRecursively$8(NodeTestTask.java:146) ~[junit-platform-engine-1.12.2.jar:1.12.2]
	at org.junit.platform.engine.support.hierarchical.Node.around(Node.java:137) ~[junit-platform-engine-1.12.2.jar:1.12.2]
	at org.junit.platform.engine.support.hierarchical.NodeTestTask.lambda$executeRecursively$9(NodeTestTask.java:144) ~[junit-platform-engine-1.12.2.jar:1.12.2]
	at org.junit.platform.engine.support.hierarchical.ThrowableCollector.execute(ThrowableCollector.java:73) ~[junit-platform-engine-1.12.2.jar:1.12.2]
	at org.junit.platform.engine.support.hierarchical.NodeTestTask.executeRecursively(NodeTestTask.java:143) ~[junit-platform-engine-1.12.2.jar:1.12.2]
	at org.junit.platform.engine.support.hierarchical.NodeTestTask.execute(NodeTestTask.java:100) ~[junit-platform-engine-1.12.2.jar:1.12.2]
	at org.junit.platform.engine.support.hierarchical.SameThreadHierarchicalTestExecutorService.submit(SameThreadHierarchicalTestExecutorService.java:35) ~[junit-platform-engine-1.12.2.jar:1.12.2]
	at org.junit.platform.engine.support.hierarchical.HierarchicalTestExecutor.execute(HierarchicalTestExecutor.java:57) ~[junit-platform-engine-1.12.2.jar:1.12.2]
	at org.junit.platform.engine.support.hierarchical.HierarchicalTestEngine.execute(HierarchicalTestEngine.java:54) ~[junit-platform-engine-1.12.2.jar:1.12.2]
	at org.junit.platform.launcher.core.EngineExecutionOrchestrator.execute(EngineExecutionOrchestrator.java:201) ~[junit-platform-launcher-1.12.2.jar:1.12.2]
	at org.junit.platform.launcher.core.EngineExecutionOrchestrator.execute(EngineExecutionOrchestrator.java:170) ~[junit-platform-launcher-1.12.2.jar:1.12.2]
	at org.junit.platform.launcher.core.EngineExecutionOrchestrator.execute(EngineExecutionOrchestrator.java:94) ~[junit-platform-launcher-1.12.2.jar:1.12.2]
	at org.junit.platform.launcher.core.EngineExecutionOrchestrator.lambda$execute$0(EngineExecutionOrchestrator.java:59) ~[junit-platform-launcher-1.12.2.jar:1.12.2]
	at org.junit.platform.launcher.core.EngineExecutionOrchestrator.withInterceptedStreams(EngineExecutionOrchestrator.java:142) ~[junit-platform-launcher-1.12.2.jar:1.12.2]
	at org.junit.platform.launcher.core.EngineExecutionOrchestrator.execute(EngineExecutionOrchestrator.java:58) ~[junit-platform-launcher-1.12.2.jar:1.12.2]
	at org.junit.platform.launcher.core.DefaultLauncher.execute(DefaultLauncher.java:103) ~[junit-platform-launcher-1.12.2.jar:1.12.2]
	at org.junit.platform.launcher.core.DefaultLauncher.execute(DefaultLauncher.java:85) ~[junit-platform-launcher-1.12.2.jar:1.12.2]
	at org.junit.platform.launcher.core.DelegatingLauncher.execute(DelegatingLauncher.java:47) ~[junit-platform-launcher-1.12.2.jar:1.12.2]
	at org.junit.platform.launcher.core.InterceptingLauncher.lambda$execute$1(InterceptingLauncher.java:39) ~[junit-platform-launcher-1.12.2.jar:1.12.2]
	at org.junit.platform.launcher.core.ClasspathAlignmentCheckingLauncherInterceptor.intercept(ClasspathAlignmentCheckingLauncherInterceptor.java:25) ~[junit-platform-launcher-1.12.2.jar:1.12.2]
	at org.junit.platform.launcher.core.InterceptingLauncher.execute(InterceptingLauncher.java:38) ~[junit-platform-launcher-1.12.2.jar:1.12.2]
	at org.junit.platform.launcher.core.DelegatingLauncher.execute(DelegatingLauncher.java:47) ~[junit-platform-launcher-1.12.2.jar:1.12.2]
	at org.apache.maven.surefire.junitplatform.LazyLauncher.execute(LazyLauncher.java:56) ~[surefire-junit-platform-3.5.3.jar:3.5.3]
	at org.apache.maven.surefire.junitplatform.JUnitPlatformProvider.execute(JUnitPlatformProvider.java:194) ~[surefire-junit-platform-3.5.3.jar:3.5.3]
	at org.apache.maven.surefire.junitplatform.JUnitPlatformProvider.invokeAllTests(JUnitPlatformProvider.java:150) ~[surefire-junit-platform-3.5.3.jar:3.5.3]
	at org.apache.maven.surefire.junitplatform.JUnitPlatformProvider.invoke(JUnitPlatformProvider.java:124) ~[surefire-junit-platform-3.5.3.jar:3.5.3]
	at org.apache.maven.surefire.booter.ForkedBooter.runSuitesInProcess(ForkedBooter.java:385) ~[surefire-booter-3.5.3.jar:3.5.3]
	at org.apache.maven.surefire.booter.ForkedBooter.execute(ForkedBooter.java:162) ~[surefire-booter-3.5.3.jar:3.5.3]
	at org.apache.maven.surefire.booter.ForkedBooter.run(ForkedBooter.java:507) ~[surefire-booter-3.5.3.jar:3.5.3]
	at org.apache.maven.surefire.booter.ForkedBooter.main(ForkedBooter.java:495) ~[surefire-booter-3.5.3.jar:3.5.3]

2026-07-21T15:34:58.794+08:00  INFO 11152 --- [legal-contract-assistant] [           main] c.l.r.config.AdminAuditInterceptor       : Admin audit method=GET path=/api/admin/knowledge/documents/1 status=500 remote=127.0.0.1 actor=editor roles=[KNOWLEDGE_WRITE, KNOWLEDGE_READ] outcome=error
]]></system-out>
  </testcase>
  <testcase name="createDocumentReturnsCreatedDocument" classname="com.laborlaw.ragkbdemo.controller.KnowledgeDocumentControllerTest" time="0.007">
    <system-out><![CDATA[2026-07-21T15:34:58.800+08:00  INFO 11152 --- [legal-contract-assistant] [           main] c.l.r.c.KnowledgeDocumentController      : Admin create knowledge document: title=中华人民共和国劳动合同法, documentType=LAW, status=null
2026-07-21T15:34:58.801+08:00  INFO 11152 --- [legal-contract-assistant] [           main] c.l.r.config.AdminAuditInterceptor       : Admin audit method=POST path=/api/admin/knowledge/documents status=200 remote=127.0.0.1 actor=editor roles=[KNOWLEDGE_WRITE, KNOWLEDGE_READ] outcome=success
]]></system-out>
  </testcase>
  <testcase name="optionsItemReturnsAllowedMethods" classname="com.laborlaw.ragkbdemo.controller.KnowledgeDocumentControllerTest" time="0.013">
    <system-out><![CDATA[2026-07-21T15:34:58.815+08:00  INFO 11152 --- [legal-contract-assistant] [           main] c.l.r.config.AdminAuditInterceptor       : Admin audit method=OPTIONS path=/api/admin/knowledge/documents/1 status=200 remote=127.0.0.1 actor=anonymous roles=[] outcome=success
]]></system-out>
  </testcase>
  <testcase name="optionsCollectionReturnsAllowedMethods" classname="com.laborlaw.ragkbdemo.controller.KnowledgeDocumentControllerTest" time="0.005">
    <system-out><![CDATA[2026-07-21T15:34:58.822+08:00  INFO 11152 --- [legal-contract-assistant] [           main] c.l.r.config.AdminAuditInterceptor       : Admin audit method=OPTIONS path=/api/admin/knowledge/documents status=200 remote=127.0.0.1 actor=anonymous roles=[] outcome=success
]]></system-out>
  </testcase>
</testsuite>