<?xml version="1.0" encoding="UTF-8"?>
<testsuite xmlns:xsi="http://www.w3.org/2001/XMLSchema-instance" xsi:noNamespaceSchemaLocation="https://maven.apache.org/surefire/maven-surefire-plugin/xsd/surefire-test-report.xsd" version="3.0.2" name="com.example.studentemploymentlawassistant.StudentEmploymentLawAssistantApplicationTests" time="1.43" tests="1" errors="0" skipped="0" failures="0">
  <properties>
[...]
</properties>
  <testcase name="contextLoads" classname="com.example.studentemploymentlawassistant.StudentEmploymentLawAssistantApplicationTests" time="0.009">
    <system-out><![CDATA[2026-07-18T10:02:46.631+08:00  INFO 24732 --- [student-employment-law-assistant] [           main] t.c.s.AnnotationConfigContextLoaderUtils : Could not detect default configuration classes for test class [com.example.studentemploymentlawassistant.StudentEmploymentLawAssistantApplicationTests]: StudentEmploymentLawAssistantApplicationTests does not declare any static, non-private, non-final, nested classes annotated with @Configuration.
2026-07-18T10:02:46.649+08:00  INFO 24732 --- [student-employment-law-assistant] [           main] .b.t.c.SpringBootTestContextBootstrapper : Found @SpringBootConfiguration com.example.studentemploymentlawassistant.StudentEmploymentLawAssistantApplication for test class com.example.studentemploymentlawassistant.StudentEmploymentLawAssistantApplicationTests

  .   ____          _            __ _ _
 /\\ / ___'_ __ _ _(_)_ __  __ _ \ \ \ \
( ( )\___ | '_ | '_| | '_ \/ _` | \ \ \ \
 \\/  ___)| |_)| | | | | || (_| |  ) ) ) )
  '  |____| .__|_| |_|_| |_\__, | / / / /
 =========|_|==============|___/=/_/_/_/

 :: Spring Boot ::                (v3.4.7)

2026-07-18T10:02:46.682+08:00  INFO 24732 --- [student-employment-law-assistant] [           main] ntEmploymentLawAssistantApplicationTests : Starting StudentEmploymentLawAssistantApplicationTests using Java 17.0.19 with PID 24732 (started by 赵伟 in C:\Users\赵伟\Documents\Codex\2026-07-16\w\backend\student-employment-law-assistant)
2026-07-18T10:02:46.682+08:00  INFO 24732 --- [student-employment-law-assistant] [           main] ntEmploymentLawAssistantApplicationTests : No active profile set, falling back to 1 default profile: "default"
2026-07-18T10:02:48.042+08:00  INFO 24732 --- [student-employment-law-assistant] [           main] ntEmploymentLawAssistantApplicationTests : Started StudentEmploymentLawAssistantApplicationTests in 1.377 seconds (process running for 5.877)
]]></system-out>
  </testcase>
</testsuite>